<?xml version="1.0" encoding="UTF-8"?>
<!-- Generated by org.testng.reporters.JUnitReportReporter -->
<testsuite skipped="1" hostname="AdarshPunjala" name="chrome.Data" tests="1" failures="0" timestamp="22 Dec 2016 23:07:53 GMT" time="0.000" errors="0">
  <testcase name="login" time="0.000" classname="chrome.Data">
    <skipped/>
  </testcase> <!-- login -->
</testsuite> <!-- chrome.Data -->
