<?xml version="1.0" encoding="UTF-8"?>
<!-- Generated by org.testng.reporters.JUnitReportReporter -->
<testsuite skipped="0" hostname="AdarshPunjala" name="chrome.Jenkins" tests="1" failures="0" timestamp="11 Jan 2017 22:03:17 GMT" time="0.012" errors="0">
  <testcase name="Welcome" time="0.012" classname="chrome.Jenkins"/>
</testsuite> <!-- chrome.Jenkins -->
