<?xml version="1.0" encoding="UTF-8"?>
<!-- Generated by org.testng.reporters.JUnitReportReporter -->
<testsuite skipped="0" hostname="AdarshPunjala" name="testNG.NewTest" tests="1" failures="0" timestamp="1 Dec 2016 02:52:40 GMT" time="0.017" errors="0">
  <testcase name="f" time="0.017" classname="testNG.NewTest"/>
</testsuite> <!-- testNG.NewTest -->
