<?xml version="1.0" encoding="UTF-8"?>
<!-- Generated by org.testng.reporters.JUnitReportReporter -->
<testsuite skipped="0" hostname="AdarshPunjala" name="chrome.Assignement" tests="1" failures="0" timestamp="30 Dec 2016 00:25:23 GMT" time="10.533" errors="0">
  <testcase name="asig" time="10.533" classname="chrome.Assignement"/>
</testsuite> <!-- chrome.Assignement -->
