<?xml version="1.0" encoding="UTF-8"?>
<!-- Generated by org.testng.reporters.JUnitReportReporter -->
<testsuite skipped="0" hostname="AdarshPunjala" name="com.demoaut.newtours.TestScripts.Validate" tests="1" failures="0" timestamp="19 Jan 2017 16:50:26 GMT" time="5.283" errors="0">
  <testcase name="detail" time="5.283" classname="com.demoaut.newtours.TestScripts.Validate"/>
</testsuite> <!-- com.demoaut.newtours.TestScripts.Validate -->
