<?xml version="1.0" encoding="UTF-8"?>
<!-- Generated by org.testng.reporters.JUnitReportReporter -->
<testsuite skipped="0" hostname="AdarshPunjala" name="com.demoaut.newtours.TestScripts.newTours" tests="1" failures="0" timestamp="19 Jan 2017 02:17:22 GMT" time="17.351" errors="0">
  <testcase name="TestCase" time="17.351" classname="com.demoaut.newtours.TestScripts.newTours"/>
</testsuite> <!-- com.demoaut.newtours.TestScripts.newTours -->
