<?xml version="1.0" encoding="UTF-8"?>
<!-- Generated by org.testng.reporters.JUnitReportReporter -->
<testsuite skipped="0" hostname="AdarshPunjala" name="com.demoaut.newtours.Pages.Hello" tests="1" failures="0" timestamp="18 Jan 2017 20:00:38 GMT" time="0.014" errors="0">
  <testcase name="HelloWorld" time="0.014" classname="com.demoaut.newtours.Pages.Hello"/>
</testsuite> <!-- com.demoaut.newtours.Pages.Hello -->
