<?xml version="1.0" encoding="UTF-8"?>
<!-- Generated by org.testng.reporters.JUnitReportReporter -->
<testsuite skipped="0" hostname="AdarshPunjala" name="examples.NewTest" tests="1" failures="0" timestamp="2 Dec 2016 14:27:32 GMT" time="0.001" errors="0">
  <testcase name="f" time="0.001" classname="examples.NewTest"/>
</testsuite> <!-- examples.NewTest -->
