<?xml version="1.0" encoding="UTF-8"?>
<!-- Generated by org.testng.reporters.JUnitReportReporter -->
<testsuite skipped="0" hostname="AdarshPunjala" name="examples.TestCase6" tests="3" failures="0" timestamp="2 Dec 2016 16:15:19 GMT" time="14.080" errors="0">
  <testcase name="launchBrowser" time="10.890" classname="examples.TestCase6"/>
  <testcase name="google" time="0.020" classname="examples.TestCase6"/>
  <testcase name="Gmail" time="3.170" classname="examples.TestCase6"/>
</testsuite> <!-- examples.TestCase6 -->
