<?xml version="1.0" encoding="UTF-8"?>
<!-- Generated by org.testng.reporters.JUnitReportReporter -->
<testsuite skipped="0" hostname="AdarshPunjala" name="examples.TestCase8" tests="2" failures="0" timestamp="2 Dec 2016 16:14:42 GMT" time="0.007" errors="0">
  <testcase name="DeleteGoogle" time="0.002" classname="examples.TestCase8"/>
  <testcase name="DeleteGmail" time="0.005" classname="examples.TestCase8"/>
</testsuite> <!-- examples.TestCase8 -->
