<?xml version="1.0" encoding="UTF-8"?>
<!-- Generated by org.testng.reporters.JUnitReportReporter -->
<testsuite skipped="0" hostname="AdarshPunjala" name="examples.TestCase10" tests="1" failures="0" timestamp="2 Dec 2016 05:26:49 GMT" time="0.011" errors="0">
  <testcase name="check" time="0.011" classname="examples.TestCase10"/>
</testsuite> <!-- examples.TestCase10 -->
