<?xml version="1.0" encoding="UTF-8"?>
<!-- Generated by org.testng.reporters.JUnitReportReporter -->
<testsuite skipped="0" hostname="AdarshPunjala" name="fabricate.Double3" tests="2" failures="0" timestamp="2 Dec 2016 17:28:18 GMT" time="0.002" errors="0">
  <testcase name="google" time="0.001" classname="fabricate.Double3"/>
  <testcase name="gmail" time="0.001" classname="fabricate.Double3"/>
</testsuite> <!-- fabricate.Double3 -->
