<?xml version="1.0" encoding="UTF-8"?>
<!-- Generated by org.testng.reporters.JUnitReportReporter -->
<testsuite skipped="0" hostname="AdarshPunjala" name="fabricate.Double4" tests="2" failures="0" timestamp="2 Dec 2016 15:44:58 GMT" time="0.016" errors="0">
  <testcase name="yahoo" time="0.005" classname="fabricate.Double4"/>
  <testcase name="google" time="0.011" classname="fabricate.Double4"/>
</testsuite> <!-- fabricate.Double4 -->
