<?xml version="1.0" encoding="UTF-8"?>
<!-- Generated by org.testng.reporters.JUnitReportReporter -->
<testsuite skipped="0" hostname="AdarshPunjala" name="fabricate.Fb2" tests="3" failures="0" timestamp="2 Dec 2016 14:55:50 GMT" time="0.006" errors="0">
  <testcase name="deleteProduct" time="0.002" classname="fabricate.Fb2"/>
  <testcase name="deleteVendor" time="0.002" classname="fabricate.Fb2"/>
  <testcase name="deleteCurrency" time="0.002" classname="fabricate.Fb2"/>
</testsuite> <!-- fabricate.Fb2 -->
