<?xml version="1.0" encoding="UTF-8"?>
<!-- Generated by org.testng.reporters.JUnitReportReporter -->
<testsuite skipped="0" hostname="AdarshPunjala" name="fabricate.Fb1" tests="3" failures="0" timestamp="2 Dec 2016 14:55:50 GMT" time="0.013" errors="0">
  <testcase name="AddCurrency" time="0.006" classname="fabricate.Fb1"/>
  <testcase name="addVendor" time="0.006" classname="fabricate.Fb1"/>
  <testcase name="AddProduct" time="0.001" classname="fabricate.Fb1"/>
</testsuite> <!-- fabricate.Fb1 -->
