<?xml version="1.0" encoding="UTF-8"?>
<!-- Generated by org.testng.reporters.JUnitReportReporter -->
<testsuite skipped="0" hostname="AdarshPunjala" name="examples.TestCase5" tests="4" failures="0" timestamp="2 Dec 2016 14:27:32 GMT" time="0.016" errors="0">
  <testcase name="logout" time="0.002" classname="examples.TestCase5"/>
  <testcase name="Login" time="0.011" classname="examples.TestCase5"/>
  <testcase name="search" time="0.001" classname="examples.TestCase5"/>
  <testcase name="advancedsearch" time="0.002" classname="examples.TestCase5"/>
</testsuite> <!-- examples.TestCase5 -->
