<?xml version="1.0" encoding="UTF-8"?>
<!-- Generated by org.testng.reporters.JUnitReportReporter -->
<testsuite skipped="0" hostname="AdarshPunjala" name="examples.parameters" tests="1" failures="0" timestamp="10 Dec 2016 16:13:15 GMT" time="0.047" errors="0">
  <testcase name="f" time="0.047" classname="examples.parameters"/>
</testsuite> <!-- examples.parameters -->
