<?xml version="1.0" encoding="UTF-8"?>
<!-- Generated by org.testng.reporters.JUnitReportReporter -->
<testsuite skipped="0" hostname="AdarshPunjala" name="examples.TestCase7" tests="2" failures="0" timestamp="2 Dec 2016 14:27:32 GMT" time="0.002" errors="0">
  <testcase name="Gmail" time="0.001" classname="examples.TestCase7"/>
  <testcase name="Google" time="0.001" classname="examples.TestCase7"/>
</testsuite> <!-- examples.TestCase7 -->
