<?xml version="1.0" encoding="UTF-8"?>
<!-- Generated by org.testng.reporters.JUnitReportReporter -->
<testsuite skipped="0" hostname="AdarshPunjala" name="fabricate.Double1" tests="2" failures="0" timestamp="2 Dec 2016 17:26:13 GMT" time="0.003" errors="0">
  <testcase name="executions" time="0.001" classname="fabricate.Double1"/>
  <testcase name="hello" time="0.002" classname="fabricate.Double1"/>
</testsuite> <!-- fabricate.Double1 -->
