<?xml version="1.0" encoding="UTF-8"?>
<!-- Generated by org.testng.reporters.JUnitReportReporter -->
<testsuite skipped="0" hostname="AdarshPunjala" name="fabricate.Double2" tests="1" failures="0" timestamp="2 Dec 2016 15:31:39 GMT" time="0.012" errors="0">
  <testcase name="Credentials" time="0.012" classname="fabricate.Double2"/>
</testsuite> <!-- fabricate.Double2 -->
