<?xml version="1.0" encoding="UTF-8"?>
<!-- Generated by org.testng.reporters.JUnitReportReporter -->
<testsuite skipped="0" hostname="AdarshPunjala" name="GuruPackage.TesytCase21" tests="1" failures="0" timestamp="22 Dec 2016 21:22:05 GMT" time="59.714" errors="0">
  <testcase name="capturess" time="59.714" classname="GuruPackage.TesytCase21"/>
</testsuite> <!-- GuruPackage.TesytCase21 -->
