<?xml version="1.0" encoding="UTF-8"?>
<!-- Generated by org.testng.reporters.JUnitReportReporter -->
<testsuite skipped="0" hostname="AdarshPunjala" name="GuruPackage.dragDrop" tests="1" failures="0" timestamp="23 Dec 2016 18:44:43 GMT" time="10.128" errors="0">
  <testcase name="draganddrop" time="10.128" classname="GuruPackage.dragDrop"/>
</testsuite> <!-- GuruPackage.dragDrop -->
