<?xml version="1.0" encoding="UTF-8"?>
<!-- Generated by org.testng.reporters.JUnitReportReporter -->
<testsuite skipped="0" hostname="AdarshPunjala" name="GuruPackage.AutoIT" tests="1" failures="0" timestamp="23 Dec 2016 22:37:30 GMT" time="18.475" errors="0">
  <testcase name="autoit" time="18.475" classname="GuruPackage.AutoIT"/>
</testsuite> <!-- GuruPackage.AutoIT -->
