<?xml version="1.0" encoding="UTF-8"?>
<!-- Generated by org.testng.reporters.JUnitReportReporter -->
<testsuite hostname="AdarshPunjala" name="Package1.Class1" tests="1" failures="0" timestamp="27 Jan 2017 04:26:14 GMT" time="59.699" errors="0">
  <testcase name="login" time="59.699" classname="Package1.Class1"/>
</testsuite> <!-- Package1.Class1 -->
