<?xml version="1.0" encoding="UTF-8"?>
<!-- Generated by org.testng.reporters.JUnitReportReporter -->
<testsuite skipped="0" hostname="AdarshPunjala" name="testNG.NewTest" tests="1" failures="0" timestamp="30 Nov 2016 23:04:33 GMT" time="0.011" errors="0">
  <testcase name="f" time="0.011" classname="testNG.NewTest"/>
</testsuite> <!-- testNG.NewTest -->
