<?xml version="1.0" encoding="UTF-8"?>
<!-- Generated by org.testng.reporters.JUnitReportReporter -->
<testsuite skipped="0" hostname="AdarshPunjala" name="TestNG.ScreenShot" tests="1" failures="0" timestamp="20 Dec 2016 04:55:54 GMT" time="51.461" errors="0">
  <testcase name="screenshot" time="51.461" classname="TestNG.ScreenShot"/>
</testsuite> <!-- TestNG.ScreenShot -->
